{"D:\\belajar express\\CRUD auth typescript\\lesson 4\\src\\app.ts": {"path":"D:\\belajar express\\CRUD auth typescript\\lesson 4\\src\\app.ts","statementMap":{"0":{"start":{"line":1,"column":0},"end":{"line":1,"column":46}},"1":{"start":{"line":2,"column":0},"end":{"line":2,"column":27}},"2":{"start":{"line":3,"column":0},"end":{"line":3,"column":23}},"3":{"start":{"line":5,"column":0},"end":{"line":5,"column":29}},"4":{"start":{"line":7,"column":20},"end":{"line":7,"column":78}},"5":{"start":{"line":8,"column":0},"end":{"line":8,"column":null}},"6":{"start":{"line":10,"column":25},"end":{"line":10,"column":34}},"7":{"start":{"line":13,"column":0},"end":{"line":13,"column":null}},"8":{"start":{"line":20,"column":0},"end":{"line":20,"column":null}}},"fnMap":{},"branchMap":{},"s":{"0":1,"1":1,"2":1,"3":1,"4":1,"5":1,"6":1,"7":1,"8":1},"f":{},"b":{}}
,"D:\\belajar express\\CRUD auth typescript\\lesson 4\\src\\routes\\index.ts": {"path":"D:\\belajar express\\CRUD auth typescript\\lesson 4\\src\\routes\\index.ts","statementMap":{"0":{"start":{"line":1,"column":0},"end":{"line":1,"column":51}},"1":{"start":{"line":3,"column":15},"end":{"line":3,"column":23}},"2":{"start":{"line":5,"column":0},"end":{"line":7,"column":null}},"3":{"start":{"line":6,"column":2},"end":{"line":6,"column":null}},"4":{"start":{"line":9,"column":0},"end":{"line":9,"column":null}}},"fnMap":{"0":{"name":"(anonymous_0)","decl":{"start":{"line":5,"column":25},"end":{"line":5,"column":26}},"loc":{"start":{"line":5,"column":57},"end":{"line":7,"column":1}}}},"branchMap":{},"s":{"0":1,"1":1,"2":1,"3":1,"4":1},"f":{"0":1},"b":{}}
}
